[1127/205135.007:INFO:CONSOLE(0)] "Error with Permissions-Policy header: Feature xr-spatial-tracking's parameters are ignored.", source:  (0)
[1127/205135.007:INFO:CONSOLE(0)] "Error with Permissions-Policy header: Origin trial controlled feature not enabled: 'attribution-reporting'.", source:  (0)
[1127/205135.007:INFO:CONSOLE(0)] "Error with Permissions-Policy header: Unrecognized feature: 'compute-pressure'.", source:  (0)
[1127/205135.007:INFO:CONSOLE(0)] "Error with Permissions-Policy header: Origin trial controlled feature not enabled: 'interest-cohort'.", source:  (0)
[1127/205135.007:INFO:CONSOLE(0)] "Error with Permissions-Policy header: Unrecognized feature: 'private-state-token-issuance'.", source:  (0)
[1127/205135.008:INFO:CONSOLE(0)] "Error with Permissions-Policy header: Origin trial controlled feature not enabled: 'shared-storage'.", source:  (0)
[1127/205135.009:INFO:CONSOLE(0)] "Error with Permissions-Policy header: Unrecognized feature: 'shared-storage-select-url'.", source:  (0)
[1127/205135.009:INFO:CONSOLE(0)] "Error with Permissions-Policy header: Unrecognized feature: 'private-state-token-redemption'.", source:  (0)
[1127/205135.009:INFO:CONSOLE(0)] "Error with Permissions-Policy header: Unrecognized feature: 'unload'.", source:  (0)
[1127/205135.009:INFO:CONSOLE(0)] "Error with Permissions-Policy header: Unrecognized feature: 'window-management'.", source:  (0)
[1127/205136.937:INFO:CONSOLE(154)] "Event handler of 'x-storagemutated-1' event must be added on the initial evaluation of worker script.", source: https://static.whatsapp.net/rsrc.php/v3/yz/r/4NZY0qPqwWi.js (154)
[1127/205654.301:INFO:CONSOLE(326)] "Failed to parse video contentType: video/mp4; codecs=avc1.42000a", source: https://static.whatsapp.net/rsrc.php/v3iHCc4/yd/l/rt/EOwnWzBMoJv.js (326)
[1127/205654.301:INFO:CONSOLE(326)] "Failed to parse video contentType: video/mp4; codecs=hev1.1.6.L93.B0", source: https://static.whatsapp.net/rsrc.php/v3iHCc4/yd/l/rt/EOwnWzBMoJv.js (326)
[1127/205656.514:INFO:CONSOLE(154)] "Event handler of 'x-storagemutated-1' event must be added on the initial evaluation of worker script.", source: https://static.whatsapp.net/rsrc.php/v3/yz/r/4NZY0qPqwWi.js (154)
[1127/205917.751:INFO:CONSOLE(35)] "Uncaught (in promise) TypeError: Invalid value at currentMsg.body: value is invalid", source: https://static.whatsapp.net/rsrc.php/v3iiMO4/y4/l/rt/Vk5CbmXkFP4.js (35)
[1127/205919.275:INFO:CONSOLE(154)] "Event handler of 'x-storagemutated-1' event must be added on the initial evaluation of worker script.", source: https://static.whatsapp.net/rsrc.php/v3/yz/r/4NZY0qPqwWi.js (154)
[1127/205937.922:INFO:CONSOLE(35)] "Uncaught (in promise) TypeError: Invalid value at currentMsg.body: value is invalid", source: https://static.whatsapp.net/rsrc.php/v3iiMO4/y4/l/rt/Vk5CbmXkFP4.js (35)
[1127/205946.343:INFO:CONSOLE(35)] "Uncaught (in promise) TypeError: Invalid value at currentMsg.body: value is invalid", source: https://static.whatsapp.net/rsrc.php/v3iiMO4/y4/l/rt/Vk5CbmXkFP4.js (35)
[1127/210043.351:INFO:CONSOLE(35)] "Uncaught (in promise) TypeError: Invalid value at currentMsg.body: value is invalid", source: https://static.whatsapp.net/rsrc.php/v3iiMO4/y4/l/rt/Vk5CbmXkFP4.js (35)
[1127/210648.497:INFO:CONSOLE(154)] "Event handler of 'x-storagemutated-1' event must be added on the initial evaluation of worker script.", source: https://static.whatsapp.net/rsrc.php/v3/yz/r/4NZY0qPqwWi.js (154)
